TN:
SF:src/app.module.ts
FNF:0
FNH:0
DA:1,1
DA:3,1
DA:4,1
DA:5,1
DA:6,1
DA:7,1
DA:18,1
LF:7
LH:7
BRF:0
BRH:0
end_of_record
TN:
SF:src/api/graphql.module.ts
FNF:0
FNH:0
DA:1,3
DA:2,3
DA:3,3
DA:5,3
DA:6,3
DA:8,3
DA:26,3
LF:7
LH:7
BRF:0
BRH:0
end_of_record
TN:
SF:src/api/rest.controller.module.ts
FNF:0
FNH:0
DA:1,3
DA:2,3
DA:4,3
DA:5,3
DA:6,3
DA:8,3
DA:9,3
DA:10,3
DA:26,3
LF:9
LH:9
BRF:0
BRH:0
end_of_record
TN:
SF:src/datasource/sqlite.datasource.module.ts
FNF:0
FNH:0
DA:1,3
DA:2,3
DA:4,3
DA:5,3
DA:7,3
DA:8,3
DA:10,3
DA:15,3
DA:19,3
DA:23,3
DA:37,3
LF:11
LH:11
BRF:0
BRH:0
end_of_record
TN:
SF:src/features/chip/chip.entityModel.ts
FN:18,(anonymous_2)
FN:25,(anonymous_3)
FN:25,(anonymous_4)
FN:26,(anonymous_5)
FNF:4
FNH:4
FNDA:6,(anonymous_2)
FNDA:3,(anonymous_3)
FNDA:3,(anonymous_4)
FNDA:6,(anonymous_5)
DA:1,3
DA:7,3
DA:8,3
DA:13,3
DA:14,3
DA:17,3
DA:18,6
DA:21,3
DA:25,3
DA:26,6
DA:30,3
LF:11
LH:11
BRF:0
BRH:0
end_of_record
TN:
SF:src/features/chip/chip.module.ts
FN:13,(anonymous_1)
FNF:1
FNH:1
FNDA:9,(anonymous_1)
DA:1,3
DA:2,3
DA:4,3
DA:5,3
DA:6,3
DA:8,3
DA:9,3
DA:13,9
DA:25,3
LF:9
LH:9
BRF:0
BRH:0
end_of_record
TN:
SF:src/features/chip/chip.resolver.ts
FN:15,(anonymous_4)
FN:20,(anonymous_5)
FN:25,(anonymous_6)
FN:33,(anonymous_7)
FN:19,(anonymous_8)
FN:24,(anonymous_9)
FN:26,(anonymous_10)
FN:13,(anonymous_11)
FNF:8
FNH:8
FNDA:3,(anonymous_4)
FNDA:1,(anonymous_5)
FNDA:1,(anonymous_6)
FNDA:7,(anonymous_7)
FNDA:4,(anonymous_8)
FNDA:4,(anonymous_9)
FNDA:2,(anonymous_10)
FNDA:8,(anonymous_11)
DA:1,3
DA:10,3
DA:11,3
DA:13,8
DA:14,3
DA:16,3
DA:19,4
DA:20,3
DA:21,1
DA:24,4
DA:25,3
DA:26,2
DA:29,1
DA:33,3
DA:34,7
LF:15
LH:15
BRF:0
BRH:0
end_of_record
TN:
SF:src/features/chip/chip.rest.controller.ts
FN:12,(anonymous_4)
FN:23,(anonymous_5)
FN:16,(anonymous_6)
FNF:3
FNH:3
FNDA:3,(anonymous_4)
FNDA:8,(anonymous_5)
FNDA:3,(anonymous_6)
DA:1,3
DA:3,3
DA:4,3
DA:6,3
DA:7,3
DA:8,3
DA:11,3
DA:14,3
DA:16,3
DA:17,3
DA:19,3
DA:23,3
DA:24,8
LF:13
LH:13
BRF:0
BRH:0
end_of_record
TN:
SF:src/features/chip/chip.service.ts
FN:13,(anonymous_4)
FN:26,(anonymous_5)
FN:34,(anonymous_6)
FN:47,(anonymous_7)
FNF:4
FNH:4
FNDA:3,(anonymous_4)
FNDA:1,(anonymous_5)
FNDA:2,(anonymous_6)
FNDA:8,(anonymous_7)
DA:1,3
DA:2,3
DA:3,3
DA:6,3
DA:8,3
DA:9,3
DA:12,3
DA:15,3
DA:18,3
DA:20,3
DA:23,3
DA:27,1
DA:35,2
DA:44,2
DA:48,8
DA:50,8
DA:52,8
DA:53,8
DA:54,8
DA:55,8
DA:56,8
DA:58,8
LF:22
LH:22
BRF:0
BRH:0
end_of_record
TN:
SF:src/features/chipSet/chipSet.entityModel.ts
FN:15,(anonymous_2)
FN:37,(anonymous_3)
FN:37,(anonymous_4)
FN:38,(anonymous_5)
FNF:4
FNH:4
FNDA:32,(anonymous_2)
FNDA:3,(anonymous_3)
FNDA:3,(anonymous_4)
FNDA:6,(anonymous_5)
DA:1,3
DA:2,3
DA:8,3
DA:10,3
DA:14,3
DA:19,32
DA:20,32
DA:21,8
DA:23,32
DA:26,3
DA:29,3
DA:33,3
DA:37,3
DA:38,6
DA:42,3
LF:15
LH:15
BRDA:17,0,0,24
BRDA:20,1,0,8
BRF:2
BRH:2
end_of_record
TN:
SF:src/features/chipSet/chipSet.module.ts
FN:14,(anonymous_1)
FNF:1
FNH:1
FNDA:9,(anonymous_1)
DA:1,3
DA:2,3
DA:4,3
DA:5,3
DA:7,3
DA:8,3
DA:9,3
DA:10,3
DA:14,9
DA:27,3
LF:10
LH:10
BRF:0
BRH:0
end_of_record
TN:
SF:src/features/chipSet/chipSet.resolver.ts
FN:17,(anonymous_4)
FN:23,(anonymous_5)
FN:31,(anonymous_6)
FN:22,(anonymous_7)
FN:24,(anonymous_8)
FN:15,(anonymous_9)
FNF:6
FNH:6
FNDA:3,(anonymous_4)
FNDA:1,(anonymous_5)
FNDA:1,(anonymous_6)
FNDA:4,(anonymous_7)
FNDA:2,(anonymous_8)
FNDA:8,(anonymous_9)
DA:1,3
DA:10,3
DA:12,3
DA:13,3
DA:15,8
DA:16,3
DA:18,3
DA:19,3
DA:22,4
DA:23,3
DA:24,2
DA:27,1
DA:31,3
DA:32,1
LF:14
LH:14
BRF:0
BRH:0
end_of_record
TN:
SF:src/features/chipSet/chipSet.rest.controller.ts
FN:9,(anonymous_4)
FN:24,(anonymous_5)
FNF:2
FNH:2
FNDA:6,(anonymous_4)
FNDA:4,(anonymous_5)
DA:1,3
DA:2,3
DA:3,3
DA:5,3
DA:8,3
DA:11,6
DA:24,3
DA:25,4
DA:27,4
LF:9
LH:9
BRF:0
BRH:0
end_of_record
TN:
SF:src/features/chipSet/chipSet.service.ts
FN:10,(anonymous_4)
FN:15,(anonymous_5)
FNF:2
FNH:2
FNDA:3,(anonymous_4)
FNDA:9,(anonymous_5)
DA:1,3
DA:2,3
DA:4,3
DA:6,3
DA:9,3
DA:12,3
DA:16,9
LF:7
LH:7
BRF:0
BRH:0
end_of_record
