TN:
SF:test/test.datasource.module.ts
FNF:0
FNH:0
DA:1,2
DA:2,2
DA:4,2
DA:5,2
DA:6,2
DA:15,2
LF:6
LH:6
BRF:0
BRH:0
end_of_record
TN:
SF:test/test.init.data.ts
FN:7,(anonymous_0)
FN:25,(anonymous_1)
FN:26,(anonymous_2)
FN:36,(anonymous_3)
FN:37,(anonymous_4)
FN:50,(anonymous_5)
FNF:6
FNH:6
FNDA:4,(anonymous_0)
FNDA:2,(anonymous_1)
FNDA:4,(anonymous_2)
FNDA:2,(anonymous_3)
FNDA:8,(anonymous_4)
FNDA:2,(anonymous_5)
DA:4,2
DA:6,2
DA:7,2
DA:8,4
DA:11,2
DA:25,2
DA:26,2
DA:27,4
DA:32,4
DA:33,4
DA:36,2
DA:37,2
DA:38,8
DA:46,8
DA:49,2
DA:50,2
DA:53,2
DA:54,2
DA:56,2
LF:19
LH:19
BRF:0
BRH:0
end_of_record
TN:
SF:test/test.querystrings.ts
FNF:0
FNH:0
DA:1,2
DA:14,2
DA:27,2
LF:3
LH:3
BRF:0
BRH:0
end_of_record
TN:
SF:test/testing.module.ts
FN:8,(anonymous_0)
FNF:1
FNH:1
FNDA:2,(anonymous_0)
DA:1,2
DA:2,2
DA:3,2
DA:4,2
DA:5,2
DA:6,2
DA:8,2
DA:9,2
DA:20,2
LF:9
LH:9
BRF:0
BRH:0
end_of_record
